Arguments: 
  E:\Application\node.exe C:\Users\Toshiba\AppData\Roaming\npm\node_modules\yarn\bin\yarn.js start

PATH: 
  C:\WINDOWS\system32;C:\WINDOWS;C:\WINDOWS\System32\Wbem;C:\WINDOWS\System32\WindowsPowerShell\v1.0\;C:\WINDOWS\System32\OpenSSH\;E:\Application\;C:\ProgramData\chocolatey\bin;C:\Program Files\OpenJDK\openjdk-11.0.13_8\bin;%LOCALAPPDATA%\Android\Sdk\platform-tools;C:\Users\Toshiba\AppData\Local\Programs\Python\Python310\Scripts\;C:\Users\Toshiba\AppData\Local\Programs\Python\Python310\;C:\Users\Toshiba\AppData\Local\Microsoft\WindowsApps;C:\Users\Toshiba\AppData\Roaming\npm;C:\Users\Toshiba\AppData\Local\Programs\Microsoft VS Code\bin;C:\Users\Toshiba\AppData\Local\Android\Sdk\platform-tools

Yarn version: 
  1.22.19

Node version: 
  16.14.0

Platform: 
  win32 x64

Trace: 
  SyntaxError: E:\Project\proyekTinknetFrontend\package.json: Unexpected token } in JSON at position 899
      at JSON.parse (<anonymous>)
      at C:\Users\Toshiba\AppData\Roaming\npm\node_modules\yarn\lib\cli.js:1629:59
      at Generator.next (<anonymous>)
      at step (C:\Users\Toshiba\AppData\Roaming\npm\node_modules\yarn\lib\cli.js:310:30)
      at C:\Users\Toshiba\AppData\Roaming\npm\node_modules\yarn\lib\cli.js:321:13

npm manifest: 
  {
    "name": "tinknet-frontend",
    "version": "0.1.0",
    "private": true,
    "dependencies": {
      "@material-ui/core": "^4.12.4",
      "@material-ui/data-grid": "^4.0.0-alpha.37",
      "@material-ui/icons": "^4.11.3",
      "@mui/icons-material": "^5.8.4",
      "@testing-library/jest-dom": "^5.16.4",
      "@testing-library/react": "^13.3.0",
      "@testing-library/user-event": "^13.5.0",
      "react": "^18.2.0",
      "react-dom": "^18.2.0",
      "react-router-dom": "6",
      "react-scripts": "5.0.1",
      "web-vitals": "^2.1.4"
    },
    "scripts": {
      "start": "react-scripts start",
      "build": "react-scripts build",
      "test": "react-scripts test",
      "eject": "react-scripts eject"
    },
    "eslintConfig": {
      "extends": [
        "react-app",
        "react-app/jest"
      ]
    },
    "browserslist": {
      "production": [
        ">0.2%",
        "not dead",
        "not op_mini all"
      ],
      "development":}
  }

yarn manifest: 
  No manifest

Lockfile: 
  # THIS IS AN AUTOGENERATED FILE. DO NOT EDIT THIS FILE DIRECTLY.
  # yarn lockfile v1
  
  
  "yarn@^1.22.19":
    "integrity" "sha512-/0V5q0WbslqnwP91tirOvldvYISzaqhClxzyUKXYxs07yUILIs5jx/k6CFe8bvKSkds5w+eiOqta39Wk3WxdcQ=="
    "resolved" "https://registry.npmjs.org/yarn/-/yarn-1.22.19.tgz"
    "version" "1.22.19"
